\BOOKMARK [1][-]{tableofcontents.1}{Contents}{}% 1
\BOOKMARK [1][-]{lof.1}{List\040of\040Figures}{}% 2
\BOOKMARK [1][-]{lot.1}{List\040of\040Tables}{}% 3
\BOOKMARK [1][-]{lol.1}{Listings}{}% 4
\BOOKMARK [1][-]{acronyms.1}{Acronyms}{}% 5
\BOOKMARK [0][]{chapter.1}{1\040Differential\040Geomtry}{}% 6
\BOOKMARK [1][-]{section.1.1}{1.1\040Differentiable\040manifolds}{chapter.1}% 7
\BOOKMARK [1][-]{section.1.2}{1.2\040The\040tangent\040space}{chapter.1}% 8
\BOOKMARK [2][-]{subsection.1.2.1}{1.2.1\040Tangent\040vectors}{section.1.2}% 9
\BOOKMARK [1][-]{section.1.3}{1.3\040Dual\040vectors\040and\040tensor}{chapter.1}% 10
\BOOKMARK [2][-]{subsection.1.3.1}{1.3.1\040Tensor\040densities}{section.1.3}% 11
\BOOKMARK [1][-]{section.1.4}{1.4\040Metric}{chapter.1}% 12
\BOOKMARK [1][-]{section.1.5}{1.5\040Connections\040and\040covariant\040derivatives}{chapter.1}% 13
\BOOKMARK [2][-]{subsection.1.5.1}{1.5.1\040Note\040on\040exponential\040map/Riemannian\040normal\040coordinates\040-\040TO\040DO}{section.1.5}% 14
\BOOKMARK [1][-]{section.1.6}{1.6\040Geodesics}{chapter.1}% 15
\BOOKMARK [2][-]{subsection.1.6.1}{1.6.1\040Equivalent\040deriavtion\040of\040the\040Geodesic\040Equation\040-\040Weinberg}{section.1.6}% 16
\BOOKMARK [2][-]{subsection.1.6.2}{1.6.2\040Character\040of\040geodesic\040motion\040is\040sustained\040and\040proper\040time\040is\040extremal\040on\040geodesics}{section.1.6}% 17
\BOOKMARK [2][-]{subsection.1.6.3}{1.6.3\040Another\040remark\040on\040geodesic\040equation\040using\040the\040principle\040of\040general\040covariance}{section.1.6}% 18
\BOOKMARK [2][-]{subsection.1.6.4}{1.6.4\040On\040the\040parametrization\040of\040the\040path}{section.1.6}% 19
\BOOKMARK [1][-]{section.1.7}{1.7\040An\040equivalent\040consideration\040of\040parallel\040transport,\040geodesics}{chapter.1}% 20
\BOOKMARK [2][-]{subsection.1.7.1}{1.7.1\040Formal\040solution\040to\040the\040parallel\040transport\040equation}{section.1.7}% 21
\BOOKMARK [1][-]{section.1.8}{1.8\040Curvature}{chapter.1}% 22
\BOOKMARK [2][-]{subsection.1.8.1}{1.8.1\040Torsion\040and\040metric\040connection}{section.1.8}% 23
\BOOKMARK [2][-]{subsection.1.8.2}{1.8.2\040How\040to\040get\040from\040the\040connection\040coefficients\040to\040the\040connection-the\040metric\040connection}{section.1.8}% 24
\BOOKMARK [2][-]{subsection.1.8.3}{1.8.3\040Conceptional\040flow\040of\040how\040to\040add\040structure\040on\040our\040mathematical\040constructs}{section.1.8}% 25
\BOOKMARK [2][-]{subsection.1.8.4}{1.8.4\040The\040curvature}{section.1.8}% 26
\BOOKMARK [2][-]{subsection.1.8.5}{1.8.5\040Independent\040components\040of\040the\040Riemann\040tensor\040and\040intuition\040for\040curvature}{section.1.8}% 27
\BOOKMARK [2][-]{subsection.1.8.6}{1.8.6\040The\040Ricci\040tensor}{section.1.8}% 28
\BOOKMARK [2][-]{subsection.1.8.7}{1.8.7\040The\040Einstein\040tensor}{section.1.8}% 29
\BOOKMARK [1][-]{section.1.9}{1.9\040The\040Lie\040derivative}{chapter.1}% 30
\BOOKMARK [2][-]{subsection.1.9.1}{1.9.1\040Pull-back\040and\040Push-forward}{section.1.9}% 31
\BOOKMARK [2][-]{subsection.1.9.2}{1.9.2\040Connection\040between\040coordinate\040transformations\040and\040diffeomorphism}{section.1.9}% 32
\BOOKMARK [2][-]{subsection.1.9.3}{1.9.3\040The\040Lie\040derivative}{section.1.9}% 33
\BOOKMARK [1][-]{section.1.10}{1.10\040Symmetric\040Spaces}{chapter.1}% 34
\BOOKMARK [2][-]{subsection.1.10.1}{1.10.1\040Killing\040vectors}{section.1.10}% 35
\BOOKMARK [2][-]{subsection.1.10.2}{1.10.2\040Maximally\040Symmetric\040Spaces\040and\040their\040Uniqueness}{section.1.10}% 36
\BOOKMARK [2][-]{subsection.1.10.3}{1.10.3\040Maximally\040symmetric\040spaces\040and\040their\040construction}{section.1.10}% 37
\BOOKMARK [2][-]{subsection.1.10.4}{1.10.4\040Tensors\040in\040a\040Maximally\040symmetric\040space}{section.1.10}% 38
\BOOKMARK [2][-]{subsection.1.10.5}{1.10.5\040Spaces\040with\040Maximally\040Symmetric\040Subspaces}{section.1.10}% 39
\BOOKMARK [2][-]{subsection.1.10.6}{1.10.6\040Cosmological\040Lie\040Algebra\040-\040Equivalent\040derivation\040of\040Robertson-Walker\040metric\040via\040Killing\040fields}{section.1.10}% 40
\BOOKMARK [2][-]{subsection.1.10.7}{1.10.7\040Conservation\040laws\040from\040Killing\040vector\040fields\040-\040More\040in\040depth}{section.1.10}% 41
\BOOKMARK [2][-]{subsection.1.10.8}{1.10.8\040Explicit\040Killing\040vectors}{section.1.10}% 42
\BOOKMARK [1][-]{section.1.11}{1.11\040Differential\040forms}{chapter.1}% 43
\BOOKMARK [2][-]{subsection.1.11.1}{1.11.1 Detour- de Rham Cohomology – TO EXPAND}{section.1.11}% 44
\BOOKMARK [2][-]{subsection.1.11.2}{1.11.2\040Hodge\040star\040operator}{section.1.11}% 45
\BOOKMARK [2][-]{subsection.1.11.3}{1.11.3\040Codifferential}{section.1.11}% 46
\BOOKMARK [2][-]{subsection.1.11.4}{1.11.4\040Conventional\040differential\040operators\040via\040forms}{section.1.11}% 47
\BOOKMARK [1][-]{section.1.12}{1.12\040Integrals}{chapter.1}% 48
\BOOKMARK [1][-]{section.1.13}{1.13\040Frame\040fields\040in\040GR\040and\040the\040Tetrad\040formalism,\040"tetrad"="vierbein"="frame\040field"}{chapter.1}% 49
\BOOKMARK [2][-]{subsection.1.13.1}{1.13.1\040On\040the\040tetrad\040formalism\040-\040Weinberg}{section.1.13}% 50
\BOOKMARK [1][-]{section.1.14}{1.14\040Cartan's\040structure\040equations}{chapter.1}% 51
\BOOKMARK [1][-]{section.1.15}{1.15\040Comparison\040of\040gauge\040theories\040in\040particle\040physics\040with\040Riemannian\040geometry}{chapter.1}% 52
\BOOKMARK [0][]{chapter.2}{2\040General\040Relativity\040-\040the\040Theory}{}% 53
\BOOKMARK [1][-]{section.2.1}{2.1\040Introduction\040to\040General\040Relativity}{chapter.2}% 54
\BOOKMARK [2][-]{subsection.2.1.1}{2.1.1\040Closer\040Look\040at\040the\040Equivalence\040Principle}{section.2.1}% 55
\BOOKMARK [2][-]{subsection.2.1.2}{2.1.2\040Another\040look\040at\040the\040equivalence\040principle\040by\040Feynman}{section.2.1}% 56
\BOOKMARK [2][-]{subsection.2.1.3}{2.1.3\040Consequences\040of\040principle\040of\040equivalence}{section.2.1}% 57
\BOOKMARK [2][-]{subsection.2.1.4}{2.1.4\040From\040Newton\040to\040Einstein}{section.2.1}% 58
\BOOKMARK [1][-]{section.2.2}{2.2\040On\040our\040Path\040towards\040a\040curved\040Spacetime}{chapter.2}% 59
\BOOKMARK [1][-]{section.2.3}{2.3\040Newtonian\040limit:}{chapter.2}% 60
\BOOKMARK [1][-]{section.2.4}{2.4\040General\040Covariance}{chapter.2}% 61
\BOOKMARK [2][-]{subsection.2.4.1}{2.4.1\040Principle\040of\040General\040Covariance\040represented\040by\040Diffeomorphism\040Invariance\040in\040GR}{section.2.4}% 62
\BOOKMARK [2][-]{subsection.2.4.2}{2.4.2\040The\040physical\040meaning\040of\040curvature}{section.2.4}% 63
\BOOKMARK [1][-]{section.2.5}{2.5\040Physical\040laws\040in\040external\040gravitational\040fields\040-\040Thus\040a\040metric\040is\040given,\040what\040are\040the\040dynamics}{chapter.2}% 64
\BOOKMARK [2][-]{subsection.2.5.1}{2.5.1\040Relativistic\040variational\040principle}{section.2.5}% 65
\BOOKMARK [2][-]{subsection.2.5.2}{2.5.2\040Proper\040time\040in\040general\040coordinates}{section.2.5}% 66
\BOOKMARK [2][-]{subsection.2.5.3}{2.5.3\040Motion\040of\040particles}{section.2.5}% 67
\BOOKMARK [2][-]{subsection.2.5.4}{2.5.4\040Motion\040of\040light}{section.2.5}% 68
\BOOKMARK [2][-]{subsection.2.5.5}{2.5.5\040Energy-momentum\040"conservation"}{section.2.5}% 69
\BOOKMARK [2][-]{subsection.2.5.6}{2.5.6\040The\040connection\040between\040curvatures\040and\040matter}{section.2.5}% 70
\BOOKMARK [1][-]{section.2.6}{2.6\040The\040geodesic\040deviation\040equation}{chapter.2}% 71
\BOOKMARK [2][-]{subsection.2.6.1}{2.6.1\040Equivalent\040treatment\040of\040Geodesic\040deviation\040-\040Caroll}{section.2.6}% 72
\BOOKMARK [1][-]{section.2.7}{2.7\040Einstein's\040field\040equations}{chapter.2}% 73
\BOOKMARK [2][-]{subsection.2.7.1}{2.7.1\040A\040not\040successful\040attempt\040via\040Poisson's\040equation}{section.2.7}% 74
\BOOKMARK [2][-]{subsection.2.7.2}{2.7.2\040Heuristic\040Derivation}{section.2.7}% 75
\BOOKMARK [2][-]{subsection.2.7.3}{2.7.3\040On\040the\040Meaning\040of\040the\040Field\040Equations}{section.2.7}% 76
\BOOKMARK [1][-]{section.2.8}{2.8\040On\040the\040action\040principle\040-\040Weinberg}{chapter.2}% 77
\BOOKMARK [2][-]{subsection.2.8.1}{2.8.1\040General\040definition\040of\040the\040Energy-Momentum-tensor\040by\040Weinberg}{section.2.8}% 78
\BOOKMARK [2][-]{subsection.2.8.2}{2.8.2\040General\040Covariance\040and\040Energy-Momentum\040Conservation\040-\040Weinberg}{section.2.8}% 79
\BOOKMARK [1][-]{section.2.9}{2.9\040Derivation\040of\040Einstein's\040Field\040Equations\040from\040Least\040Action\040Principle}{chapter.2}% 80
\BOOKMARK [2][-]{subsection.2.9.1}{2.9.1\040The\040full\040Einstein\040field\040equations}{section.2.9}% 81
\BOOKMARK [2][-]{subsection.2.9.2}{2.9.2\040Coordinate\040Conditions\040-\040A\040note\040on\040gauge\040freedom\040in\040Einstein's\040field\040equations\040-Weinberg}{section.2.9}% 82
\BOOKMARK [1][-]{section.2.10}{2.10\040The\040energy-momentum\040tensor}{chapter.2}% 83
\BOOKMARK [2][-]{subsection.2.10.1}{2.10.1\040Energy,\040Momentum,\040and\040Angular\040Momentum\040of\040Gravitation\040-\040Weinberg}{section.2.10}% 84
\BOOKMARK [2][-]{subsection.2.10.2}{2.10.2\040The\040matter\040sector}{section.2.10}% 85
\BOOKMARK [2][-]{subsection.2.10.3}{2.10.3\040The\040action\040for\040classical\040particles\040in\040a\040gravitational\040field}{section.2.10}% 86
\BOOKMARK [1][-]{section.2.11}{2.11\040Modifications\040of\040the\040field\040equations\040-\040TO\040EXPAND}{chapter.2}% 87
\BOOKMARK [1][-]{section.2.12}{2.12\040Initial\040Value\040Problem\040in\040GR}{chapter.2}% 88
\BOOKMARK [1][-]{section.2.13}{2.13\040Existence\040of\040Solutions\040to\040the\040field\040equations}{chapter.2}% 89
\BOOKMARK [2][-]{subsection.2.13.1}{2.13.1\040Hawking-Penrose\040Singularity\040Theorems:\040TO\040DO}{section.2.13}% 90
\BOOKMARK [0][]{chapter.3}{3\040Applications\040of\040General\040Relativity}{}% 91
\BOOKMARK [1][-]{section.3.1}{3.1\040Weak\040Gravitational\040Fields}{chapter.3}% 92
\BOOKMARK [1][-]{section.3.2}{3.2\040Gauge\040transformations\040in\040general\040relativity}{chapter.3}% 93
\BOOKMARK [2][-]{subsection.3.2.1}{3.2.1\040Firstly,\040remark\040on\040the\040difference\040to\040diffeomorphism\040invariance,\040aka\040general\040covariance}{section.3.2}% 94
\BOOKMARK [2][-]{subsection.3.2.2}{3.2.2\040On\040General\040Covariance\040and\040gauge\040symmetry\040by\040Weinberg}{section.3.2}% 95
\BOOKMARK [2][-]{subsection.3.2.3}{3.2.3\040Finding\040the\040gauge\040class}{section.3.2}% 96
\BOOKMARK [2][-]{subsection.3.2.4}{3.2.4\040Linearised\040theory\040of\040gravity}{section.3.2}% 97
\BOOKMARK [2][-]{subsection.3.2.5}{3.2.5\040Nearly\040Newtonian\040gravity}{section.3.2}% 98
\BOOKMARK [1][-]{section.3.3}{3.3\040Gravitational\040Waves\040-\040The\040propagation\040of\040the\040metric\040perturbations}{chapter.3}% 99
\BOOKMARK [1][-]{section.3.4}{3.4\040The\040Schwarzschild\040solution}{chapter.3}% 100
\BOOKMARK [2][-]{subsection.3.4.1}{3.4.1\040Stationary\040and\040static\040space-times}{section.3.4}% 101
\BOOKMARK [2][-]{subsection.3.4.2}{3.4.2\040The\040Schwarzschild\040solution}{section.3.4}% 102
\BOOKMARK [2][-]{subsection.3.4.3}{3.4.3\040Solution\040of\040the\040field\040equations}{section.3.4}% 103
\BOOKMARK [2][-]{subsection.3.4.4}{3.4.4\040Birkhoff's\040theorem}{section.3.4}% 104
\BOOKMARK [1][-]{section.3.5}{3.5\040Physics\040in\040the\040Schwarzschild\040Space-Time}{chapter.3}% 105
\BOOKMARK [2][-]{subsection.3.5.1}{3.5.1\040A\040note\040on\040the\040Killing\040vectors\040of\040a\040Schwarzschild\040Space-Time}{section.3.5}% 106
\BOOKMARK [2][-]{subsection.3.5.2}{3.5.2\040Orbits\040in\040the\040Schwarzschild\040Space-Time}{section.3.5}% 107
\BOOKMARK [2][-]{subsection.3.5.3}{3.5.3\040Perihelion\040shift}{section.3.5}% 108
\BOOKMARK [2][-]{subsection.3.5.4}{3.5.4\040Light\040deflection}{section.3.5}% 109
\BOOKMARK [2][-]{subsection.3.5.5}{3.5.5\040Redshift\040in\040Schwarzschild\040Spacetime}{section.3.5}% 110
\BOOKMARK [1][-]{section.3.6}{3.6\040Black\040Holes}{chapter.3}% 111
\BOOKMARK [2][-]{subsection.3.6.1}{3.6.1\040Schwarzschild\040Black\040Holes}{section.3.6}% 112
\BOOKMARK [2][-]{subsection.3.6.2}{3.6.2\040Charged,\040Rotating\040Black\040Holes}{section.3.6}% 113
\BOOKMARK [2][-]{subsection.3.6.3}{3.6.3\040Entropy\040and\040Temperature\040of\040a\040Black\040Hole}{section.3.6}% 114
\BOOKMARK [1][-]{section.3.7}{3.7\040Cosmology}{chapter.3}% 115
\BOOKMARK [0][]{chapter.4}{4\040Cosmology}{}% 116
\BOOKMARK [1][-]{section.4.1}{4.1\040Homogeneous\040and\040Isotropic\040Cosmology\040-\040GR\040perspective}{chapter.4}% 117
\BOOKMARK [2][-]{subsection.4.1.1}{4.1.1\040Spherically-symmetric\040space-times}{section.4.1}% 118
\BOOKMARK [2][-]{subsection.4.1.2}{4.1.2\040Homogeneous\040and\040Isotropic\040Space-times}{section.4.1}% 119
\BOOKMARK [2][-]{subsection.4.1.3}{4.1.3\040Friedmann's\040equations}{section.4.1}% 120
\BOOKMARK [2][-]{subsection.4.1.4}{4.1.4\040On\040Cosmology\040by\040Weinberg}{section.4.1}% 121
\BOOKMARK [2][-]{subsection.4.1.5}{4.1.5\040Notes\040on\040Cosmology\040from\040GR\040lecture,\040to\040include\040into\040Cosmology\040write-up}{section.4.1}% 122
\BOOKMARK [2][-]{subsection.4.1.6}{4.1.6\040Comoving\040Coordinates\040Weinberg}{section.4.1}% 123
\BOOKMARK [2][-]{subsection.4.1.7}{4.1.7\040Cosmological\040redshift-\040TO\040DO}{section.4.1}% 124
\BOOKMARK [1][-]{section.4.2}{4.2 Friedmann models - A physical approach – streamline with the above}{chapter.4}% 125
\BOOKMARK [2][-]{subsection.4.2.1}{4.2.1\040Symmetry\040assumptions\040and\040consequences}{section.4.2}% 126
\BOOKMARK [2][-]{subsection.4.2.2}{4.2.2\040Friedmann\040equations}{section.4.2}% 127
\BOOKMARK [2][-]{subsection.4.2.3}{4.2.3\040Parameters}{section.4.2}% 128
\BOOKMARK [2][-]{subsection.4.2.4}{4.2.4\040Redshift\040\(cosmological\)}{section.4.2}% 129
\BOOKMARK [2][-]{subsection.4.2.5}{4.2.5\040Age\040and\040Expansion\040of\040the\040Universe}{section.4.2}% 130
\BOOKMARK [2][-]{subsection.4.2.6}{4.2.6\040Distance\040measures}{section.4.2}% 131
\BOOKMARK [2][-]{subsection.4.2.7}{4.2.7\040Horizons}{section.4.2}% 132
\BOOKMARK [1][-]{section.4.3}{4.3\040Age\040of\040the\040Universe\040and\040the\040cosmic\040expansion}{chapter.4}% 133
\BOOKMARK [2][-]{subsection.4.3.1}{4.3.1\040Nuclear\040cosmo-chronology}{section.4.3}% 134
\BOOKMARK [2][-]{subsection.4.3.2}{4.3.2\040Stellar\040ages}{section.4.3}% 135
\BOOKMARK [2][-]{subsection.4.3.3}{4.3.3\040Cooling\040of\040white\040dwarfs}{section.4.3}% 136
\BOOKMARK [2][-]{subsection.4.3.4}{4.3.4\040The\040Hubble\040constant}{section.4.3}% 137
\BOOKMARK [2][-]{subsection.4.3.5}{4.3.5\040Supernovae\040of\040type\040Ia}{section.4.3}% 138
\BOOKMARK [1][-]{section.4.4}{4.4\040Thermal\040evolution\040of\040the\040universe}{chapter.4}% 139
\BOOKMARK [2][-]{subsection.4.4.1}{4.4.1\040Assumptions\040and\040quantum\040statistics}{section.4.4}% 140
\BOOKMARK [2][-]{subsection.4.4.2}{4.4.2\040Recombination\040and\040Nucleosynthesis}{section.4.4}% 141
\BOOKMARK [1][-]{section.4.5}{4.5\040Cosmological\040Inflation}{chapter.4}% 142
\BOOKMARK [2][-]{subsection.4.5.1}{4.5.1\040The\040horizon\040and\040flatness\040problem}{section.4.5}% 143
\BOOKMARK [2][-]{subsection.4.5.2}{4.5.2\040The\040idea\040of\040inflation}{section.4.5}% 144
\BOOKMARK [2][-]{subsection.4.5.3}{4.5.3\040Dark\040Energy}{section.4.5}% 145
\BOOKMARK [1][-]{section.4.6}{4.6\040Evolution\040of\040cosmic\040structures}{chapter.4}% 146
\BOOKMARK [2][-]{subsection.4.6.1}{4.6.1\040Linear\040perturbation\040theory}{section.4.6}% 147
\BOOKMARK [2][-]{subsection.4.6.2}{4.6.2\040Linear\040growth\040factor,\040perturbations\040within\040and\040outside\040the\040horizon}{section.4.6}% 148
\BOOKMARK [2][-]{subsection.4.6.3}{4.6.3\040Velocity\040perturbations\040and\040Zel'dovich\040approximation}{section.4.6}% 149
\BOOKMARK [2][-]{subsection.4.6.4}{4.6.4\040Nonlinear\040evolution\040and\040power\040spectra}{section.4.6}% 150
\BOOKMARK [2][-]{subsection.4.6.5}{4.6.5\040The\040Cosmic\040Microwave\040Background}{section.4.6}% 151
\BOOKMARK [1][-]{section.4.7}{4.7\040Gravitational\040Lensing}{chapter.4}% 152
\BOOKMARK [2][-]{subsection.4.7.1}{4.7.1\040Gravitational\040Lensing\040Equation\040from\040GR}{section.4.7}% 153
\BOOKMARK [2][-]{subsection.4.7.2}{4.7.2\040Thin\040gravitational\040lenses}{section.4.7}% 154
\BOOKMARK [2][-]{subsection.4.7.3}{4.7.3\040Correlation\040functions\040\(no\040thin\040lens\040approximation\)}{section.4.7}% 155
\BOOKMARK [1][-]{section.4.8}{4.8\040Theoretical\040Astrophysics}{chapter.4}% 156
\BOOKMARK [1][-]{section.4.9}{4.9\040Two\040examples\040of\040Relativistic\040Astrophysics}{chapter.4}% 157
\BOOKMARK [2][-]{subsection.4.9.1}{4.9.1\040Gravitational\040Lensing\040-\040TO\040COMPLETE\040FROM\040SCRIPT}{section.4.9}% 158
\BOOKMARK [1][-]{section.4.10}{4.10\040Tolman-Oppenheimer-Volkoff\040solution}{chapter.4}% 159
\BOOKMARK [0][]{chapter.5}{5\040General\040Relativity\040as\040a\040Quantum\040Field\040Theory}{}% 160
\BOOKMARK [1][-]{section.5.1}{5.1\040Conceptional\040differences-\040TO\040DO}{chapter.5}% 161
\BOOKMARK [1][-]{section.5.2}{5.2\040On\040physical\040theories,\040remarks\040by\040Feynman}{chapter.5}% 162
\BOOKMARK [1][-]{section.5.3}{5.3\040How\040Feynman\040derived\040GR\040from\040a\040field\040theoretical\040approach}{chapter.5}% 163
\BOOKMARK [2][-]{subsection.5.3.1}{5.3.1\040The\040action\040for\040matter\040fields\040in\040a\040gravitational\040field}{section.5.3}% 164
\BOOKMARK [2][-]{subsection.5.3.2}{5.3.2\040Final\040formulation\040of\040Gravity\040on\040path\040to\040quantum\040gravity}{section.5.3}% 165
\BOOKMARK [0][]{chapter.6}{6\040Possible\040Exam\040problems}{}% 166
\BOOKMARK [0][]{chapter.7}{7\040Important\040equations\040of\040GR\040-\040TO\040DO}{}% 167
\BOOKMARK [1][-]{section.7.1}{7.1\040Differential\040Geomtetry}{chapter.7}% 168
\BOOKMARK [1][-]{section.7.2}{7.2\040Statements\040from\040problem\040sheets}{chapter.7}% 169
\BOOKMARK [1][-]{section.7.3}{7.3\040Statements\040to\040incorporate}{chapter.7}% 170
